----- Otter 3.0.4, August 1995 -----
The job was started by ??? on dknuth, Thu Apr 25 20:46:07 2019
The command was "/home/cs365/bin/otter".

set(binary_res).
   dependent: set(factor).
   dependent: set(unit_deletion).
clear(print_kept).
clear(print_back_sub).
assign(max_mem,2048).
assign(max_seconds,60).
set(free_all_mem).

formula_list(sos).
all x (Younger(x)|Older(x)).
all x (WithFamily(x)<->WithSpouse(x)&WithChildren(x)|WithSpouse(x)|WithChildren(x)).
all x (Alone(x)<-> -WithFamily(x)).
all x (Married(x)->Older(x)).
all x (WithSpouse(x)->Married(x)).
all x (WithChildren(x)->Married(x)).
all x (Younger(x)->Poor(x)).
all x (Younger(x)->CanStayOutLate(x)).
all x (Older(x)-> -LikesStayOutLate(x)).
all x (-Poor(x)->Rich(x)).
all y (HatesChildren(y)-> -LikesCrowds(y)).
all x y (Tourist(x)&PopularSight(y)& -AlreadySeen(x,y)& -SpecialInterests(x)&LikesCrowds(x)->CanVisit(x,y)).
all z (PopularSight(z)->Sight(z)).
PopularSight(BigBen).
PopularSight(TowerOfLondon).
all x (BuriedAtWest(x)->ImportantPerson(x)).
ImportantPerson(Queen).
LivesAt(Queen,BuckinghamPalace).
all x y (LivesAt(x,y)&ImportantPerson(x)->HasImportantPeople(y)).
all x (HasImportantPeople(x)->PopularSight(x)).
all x (PopularSight(x)->Expensive(x)&KeepsRegHours(x)).
InterestingSight(StPaulsCathedral).
SatisfiesInterest(StPaulsCathedral,Arch).
all x y (Tourist(x)& -LikesCrowds(x)& -PopularSight(y)&Sight(y)->CanVisit(x,y)).
all x y z (Tourist(x)&InterestedIn(x,y)&SatisfiesInterest(z,y)&Sight(z)->CanVisit(x,z)).
all x (InterestingSight(x)-> -PopularSight(x)).
all x (InterestingSight(x)-> -Expensive(x)).
all x (InterestingSight(x)->Sight(x)).
InterestingSight(SpeakersCornerKG).
GoodForChildren(KensingtonGardens).
all x y (GoodForChildren(x)&HatesChildren(y)-> -CanVisit(y,x)).
all x (-WillingToShop(x)->EatAtRestaurant(x)).
all x (WillingToShop(x)|EatAtRestaurant(x)).
all x (NoRedMeat(x)|MustEatRedMeat(x)|DoesntCareAboutFood(x)).
all x y (MustEatRedMeat(x)&ServesMeatDishes(y)->DietMet(x,y)).
all x y (NoRedMeat(x)&ServesVegetarianDishes(y)->DietMet(x,y)).
all x y (EatsWhatever(x)->DietMet(x,y)).
all x (Poor(x)->EatExpensive(x)|VisitExpensive(x)).
all x (Tourist(x)->VisitExpensive(x)).
all x y (DietMet(x,y)& -ExpensiveFood(y)->EatAt(x,y)).
all x y (DietMet(x,y)&ExpensiveFood(y)&EatExpensive(x)->EatAt(x,y)).
ServesMeatDishes(Porters).
-ServesVegetarianDishes(Porters).
ExpensiveFood(Porters).
ServesVegetarianDishes(ThePlaceBelow).
-ServesMeatDishes(ThePlaceBelow).
ExpensiveFood(ThePlaceBelow).
ServesMeatDishes(Geales).
-ExpensiveFood(Geales).
AlwaysOpen(Geales).
all x y (DietMet(x,y)&OutLate(x)&AlwaysOpen(y)->EatAt(x,y)).
ServesMeatDishes(Harrods).
ServesVegetarianDishes(Harrods).
ExpensiveFood(Harrods).
-ServesMeatDishes(Neals).
ServesVegetarianDishes(Neals).
-ExpensiveFood(Neals).
NoRedMeat(Glenda).
Poor(Glenda).
WithFamily(Glenda).
Tourist(Glenda).
-(exists z (EatAt(Glenda,z)&$ans(z))).
end_of_list.

-------> sos clausifies to:

list(sos).
1 [] Younger(x)|Older(x).
2 [] -WithFamily(x)|WithSpouse(x)|WithChildren(x).
3 [] WithFamily(x)| -WithSpouse(x).
4 [] WithFamily(x)| -WithChildren(x).
5 [] -Alone(x)| -WithFamily(x).
6 [] Alone(x)|WithFamily(x).
7 [] -Married(x)|Older(x).
8 [] -WithSpouse(x)|Married(x).
9 [] -WithChildren(x)|Married(x).
10 [] -Younger(x)|Poor(x).
11 [] -Younger(x)|CanStayOutLate(x).
12 [] -Older(x)| -LikesStayOutLate(x).
13 [] Poor(x)|Rich(x).
14 [] -HatesChildren(y)| -LikesCrowds(y).
15 [] -Tourist(x)| -PopularSight(y)|AlreadySeen(x,y)|SpecialInterests(x)| -LikesCrowds(x)|CanVisit(x,y).
16 [] -PopularSight(z)|Sight(z).
17 [] PopularSight(BigBen).
18 [] PopularSight(TowerOfLondon).
19 [] -BuriedAtWest(x)|ImportantPerson(x).
20 [] ImportantPerson(Queen).
21 [] LivesAt(Queen,BuckinghamPalace).
22 [] -LivesAt(x,y)| -ImportantPerson(x)|HasImportantPeople(y).
23 [] -HasImportantPeople(x)|PopularSight(x).
24 [] -PopularSight(x)|Expensive(x).
25 [] -PopularSight(x)|KeepsRegHours(x).
26 [] InterestingSight(StPaulsCathedral).
27 [] SatisfiesInterest(StPaulsCathedral,Arch).
28 [] -Tourist(x)|LikesCrowds(x)|PopularSight(y)| -Sight(y)|CanVisit(x,y).
29 [] -Tourist(x)| -InterestedIn(x,y)| -SatisfiesInterest(z,y)| -Sight(z)|CanVisit(x,z).
30 [] -InterestingSight(x)| -PopularSight(x).
31 [] -InterestingSight(x)| -Expensive(x).
32 [] -InterestingSight(x)|Sight(x).
33 [] InterestingSight(SpeakersCornerKG).
34 [] GoodForChildren(KensingtonGardens).
35 [] -GoodForChildren(x)| -HatesChildren(y)| -CanVisit(y,x).
36 [] WillingToShop(x)|EatAtRestaurant(x).
37 [] WillingToShop(x)|EatAtRestaurant(x).
38 [] NoRedMeat(x)|MustEatRedMeat(x)|DoesntCareAboutFood(x).
39 [] -MustEatRedMeat(x)| -ServesMeatDishes(y)|DietMet(x,y).
40 [] -NoRedMeat(x)| -ServesVegetarianDishes(y)|DietMet(x,y).
41 [] -EatsWhatever(x)|DietMet(x,y).
42 [] -Poor(x)|EatExpensive(x)|VisitExpensive(x).
43 [] -Tourist(x)|VisitExpensive(x).
44 [] -DietMet(x,y)|ExpensiveFood(y)|EatAt(x,y).
45 [] -DietMet(x,y)| -ExpensiveFood(y)| -EatExpensive(x)|EatAt(x,y).
46 [] ServesMeatDishes(Porters).
47 [] -ServesVegetarianDishes(Porters).
48 [] ExpensiveFood(Porters).
49 [] ServesVegetarianDishes(ThePlaceBelow).
50 [] -ServesMeatDishes(ThePlaceBelow).
51 [] ExpensiveFood(ThePlaceBelow).
52 [] ServesMeatDishes(Geales).
53 [] -ExpensiveFood(Geales).
54 [] AlwaysOpen(Geales).
55 [] -DietMet(x,y)| -OutLate(x)| -AlwaysOpen(y)|EatAt(x,y).
56 [] ServesMeatDishes(Harrods).
57 [] ServesVegetarianDishes(Harrods).
58 [] ExpensiveFood(Harrods).
59 [] -ServesMeatDishes(Neals).
60 [] ServesVegetarianDishes(Neals).
61 [] -ExpensiveFood(Neals).
62 [] NoRedMeat(Glenda).
63 [] Poor(Glenda).
64 [] WithFamily(Glenda).
65 [] Tourist(Glenda).
66 [] -EatAt(Glenda,z)| -$ans(z).
end_of_list.

======= end of input processing =======

=========== start of search ===========

given clause #1: (wt=2) 17 [] PopularSight(BigBen).

given clause #2: (wt=2) 18 [] PopularSight(TowerOfLondon).

given clause #3: (wt=2) 20 [] ImportantPerson(Queen).

given clause #4: (wt=2) 26 [] InterestingSight(StPaulsCathedral).

given clause #5: (wt=2) 33 [] InterestingSight(SpeakersCornerKG).

given clause #6: (wt=2) 34 [] GoodForChildren(KensingtonGardens).

given clause #7: (wt=2) 46 [] ServesMeatDishes(Porters).

given clause #8: (wt=2) 47 [] -ServesVegetarianDishes(Porters).

given clause #9: (wt=2) 48 [] ExpensiveFood(Porters).

given clause #10: (wt=2) 49 [] ServesVegetarianDishes(ThePlaceBelow).

given clause #11: (wt=2) 50 [] -ServesMeatDishes(ThePlaceBelow).

given clause #12: (wt=2) 51 [] ExpensiveFood(ThePlaceBelow).

given clause #13: (wt=2) 52 [] ServesMeatDishes(Geales).

given clause #14: (wt=2) 53 [] -ExpensiveFood(Geales).

given clause #15: (wt=2) 54 [] AlwaysOpen(Geales).

given clause #16: (wt=2) 56 [] ServesMeatDishes(Harrods).

given clause #17: (wt=2) 57 [] ServesVegetarianDishes(Harrods).

given clause #18: (wt=2) 58 [] ExpensiveFood(Harrods).

given clause #19: (wt=2) 59 [] -ServesMeatDishes(Neals).

given clause #20: (wt=2) 60 [] ServesVegetarianDishes(Neals).

given clause #21: (wt=2) 61 [] -ExpensiveFood(Neals).

given clause #22: (wt=2) 62 [] NoRedMeat(Glenda).

given clause #23: (wt=2) 63 [] Poor(Glenda).

given clause #24: (wt=2) 64 [] WithFamily(Glenda).

given clause #25: (wt=2) 65 [] Tourist(Glenda).

given clause #26: (wt=3) 21 [] LivesAt(Queen,BuckinghamPalace).

given clause #27: (wt=3) 27 [] SatisfiesInterest(StPaulsCathedral,Arch).

given clause #28: (wt=3) 66 [] -EatAt(Glenda,z)| -$ans(z).

given clause #29: (wt=4) 1 [] Younger(x)|Older(x).

given clause #30: (wt=4) 3 [] WithFamily(x)| -WithSpouse(x).

given clause #31: (wt=4) 4 [] WithFamily(x)| -WithChildren(x).

given clause #32: (wt=4) 5 [] -Alone(x)| -WithFamily(x).

given clause #33: (wt=2) 67 [binary,5.2,64.1] -Alone(Glenda).

given clause #34: (wt=4) 6 [] Alone(x)|WithFamily(x).

given clause #35: (wt=4) 7 [] -Married(x)|Older(x).

given clause #36: (wt=4) 8 [] -WithSpouse(x)|Married(x).

given clause #37: (wt=4) 9 [] -WithChildren(x)|Married(x).

given clause #38: (wt=4) 10 [] -Younger(x)|Poor(x).

given clause #39: (wt=4) 11 [] -Younger(x)|CanStayOutLate(x).

given clause #40: (wt=4) 12 [] -Older(x)| -LikesStayOutLate(x).

given clause #41: (wt=4) 13 [] Poor(x)|Rich(x).

given clause #42: (wt=4) 14 [] -HatesChildren(y)| -LikesCrowds(y).

given clause #43: (wt=4) 16 [] -PopularSight(z)|Sight(z).

given clause #44: (wt=2) 76 [binary,16.1,18.1] Sight(TowerOfLondon).

given clause #45: (wt=2) 77 [binary,16.1,17.1] Sight(BigBen).

given clause #46: (wt=4) 19 [] -BuriedAtWest(x)|ImportantPerson(x).

given clause #47: (wt=4) 23 [] -HasImportantPeople(x)|PopularSight(x).

given clause #48: (wt=4) 24 [] -PopularSight(x)|Expensive(x).

given clause #49: (wt=2) 80 [binary,24.1,18.1] Expensive(TowerOfLondon).

given clause #50: (wt=2) 81 [binary,24.1,17.1] Expensive(BigBen).

given clause #51: (wt=4) 25 [] -PopularSight(x)|KeepsRegHours(x).

given clause #52: (wt=2) 83 [binary,25.1,18.1] KeepsRegHours(TowerOfLondon).

given clause #53: (wt=2) 84 [binary,25.1,17.1] KeepsRegHours(BigBen).

given clause #54: (wt=4) 30 [] -InterestingSight(x)| -PopularSight(x).

given clause #55: (wt=2) 85 [binary,30.1,33.1] -PopularSight(SpeakersCornerKG).

given clause #56: (wt=2) 86 [binary,30.1,26.1] -PopularSight(StPaulsCathedral).

given clause #57: (wt=2) 88 [binary,30.2,18.1] -InterestingSight(TowerOfLondon).

given clause #58: (wt=2) 89 [binary,30.2,17.1] -InterestingSight(BigBen).

given clause #59: (wt=2) 90 [binary,85.1,23.2] -HasImportantPeople(SpeakersCornerKG).

given clause #60: (wt=2) 91 [binary,86.1,23.2] -HasImportantPeople(StPaulsCathedral).

given clause #61: (wt=4) 31 [] -InterestingSight(x)| -Expensive(x).

given clause #62: (wt=2) 92 [binary,31.1,33.1] -Expensive(SpeakersCornerKG).

given clause #63: (wt=2) 93 [binary,31.1,26.1] -Expensive(StPaulsCathedral).

given clause #64: (wt=4) 32 [] -InterestingSight(x)|Sight(x).

given clause #65: (wt=2) 94 [binary,32.1,33.1] Sight(SpeakersCornerKG).

given clause #66: (wt=2) 95 [binary,32.1,26.1] Sight(StPaulsCathedral).

given clause #67: (wt=4) 36 [] WillingToShop(x)|EatAtRestaurant(x).

given clause #68: (wt=4) 37 [] WillingToShop(x)|EatAtRestaurant(x).

given clause #69: (wt=4) 43 [] -Tourist(x)|VisitExpensive(x).

given clause #70: (wt=2) 96 [binary,43.1,65.1] VisitExpensive(Glenda).

given clause #71: (wt=4) 68 [binary,5.2,4.1] -Alone(x)| -WithChildren(x).

given clause #72: (wt=4) 69 [binary,5.2,3.1] -Alone(x)| -WithSpouse(x).

given clause #73: (wt=4) 70 [binary,8.2,7.1] -WithSpouse(x)|Older(x).

given clause #74: (wt=4) 71 [binary,9.2,7.1] -WithChildren(x)|Older(x).

given clause #75: (wt=4) 72 [binary,10.1,1.1] Poor(x)|Older(x).

given clause #76: (wt=4) 73 [binary,11.1,1.1] CanStayOutLate(x)|Older(x).

given clause #77: (wt=4) 74 [binary,12.1,7.2] -LikesStayOutLate(x)| -Married(x).

given clause #78: (wt=4) 75 [binary,12.1,1.2] -LikesStayOutLate(x)|Younger(x).

given clause #79: (wt=4) 78 [binary,23.2,16.1] -HasImportantPeople(x)|Sight(x).

given clause #80: (wt=4) 79 [binary,24.1,23.2] Expensive(x)| -HasImportantPeople(x).

given clause #81: (wt=4) 82 [binary,25.1,23.2] KeepsRegHours(x)| -HasImportantPeople(x).

given clause #82: (wt=4) 87 [binary,30.2,23.2] -InterestingSight(x)| -HasImportantPeople(x).

given clause #83: (wt=4) 97 [binary,70.2,12.1] -WithSpouse(x)| -LikesStayOutLate(x).

given clause #84: (wt=4) 98 [binary,71.2,12.1] -WithChildren(x)| -LikesStayOutLate(x).

given clause #85: (wt=4) 99 [binary,72.2,12.1] Poor(x)| -LikesStayOutLate(x).

given clause #86: (wt=4) 100 [binary,73.2,12.1] CanStayOutLate(x)| -LikesStayOutLate(x).

given clause #87: (wt=5) 41 [] -EatsWhatever(x)|DietMet(x,y).

given clause #88: (wt=6) 2 [] -WithFamily(x)|WithSpouse(x)|WithChildren(x).

given clause #89: (wt=4) 101 [binary,2.1,64.1] WithSpouse(Glenda)|WithChildren(Glenda).

given clause #90: (wt=4) 109 [binary,101.1,97.1] WithChildren(Glenda)| -LikesStayOutLate(Glenda).

given clause #91: (wt=2) 115 [binary,109.1,98.1,factor_simp] -LikesStayOutLate(Glenda).

given clause #92: (wt=4) 110 [binary,101.1,70.1] WithChildren(Glenda)|Older(Glenda).

given clause #93: (wt=2) 116 [binary,110.1,71.1,factor_simp] Older(Glenda).

given clause #94: (wt=4) 111 [binary,101.1,8.1] WithChildren(Glenda)|Married(Glenda).

given clause #95: (wt=2) 117 [binary,111.1,9.1,factor_simp] Married(Glenda).

given clause #96: (wt=6) 38 [] NoRedMeat(x)|MustEatRedMeat(x)|DoesntCareAboutFood(x).

given clause #97: (wt=6) 42 [] -Poor(x)|EatExpensive(x)|VisitExpensive(x).

given clause #98: (wt=6) 102 [binary,2.1,6.2] WithSpouse(x)|WithChildren(x)|Alone(x).

given clause #99: (wt=6) 103 [binary,2.2,97.1] -WithFamily(x)|WithChildren(x)| -LikesStayOutLate(x).

given clause #100: (wt=4) 128 [binary,103.2,98.1,factor_simp] -WithFamily(x)| -LikesStayOutLate(x).

given clause #101: (wt=4) 129 [binary,128.1,6.2] -LikesStayOutLate(x)|Alone(x).

given clause #102: (wt=6) 104 [binary,2.2,70.1] -WithFamily(x)|WithChildren(x)|Older(x).

given clause #103: (wt=4) 130 [binary,104.2,71.1,factor_simp] -WithFamily(x)|Older(x).

given clause #104: (wt=4) 131 [binary,130.1,6.2] Older(x)|Alone(x).

given clause #105: (wt=6) 105 [binary,2.2,8.1] -WithFamily(x)|WithChildren(x)|Married(x).

given clause #106: (wt=4) 132 [binary,105.2,9.1,factor_simp] -WithFamily(x)|Married(x).

given clause #107: (wt=4) 133 [binary,132.1,6.2] Married(x)|Alone(x).

given clause #108: (wt=6) 118 [binary,42.1,99.1] EatExpensive(x)|VisitExpensive(x)| -LikesStayOutLate(x).

given clause #109: (wt=6) 119 [binary,42.1,72.1] EatExpensive(x)|VisitExpensive(x)|Older(x).

given clause #110: (wt=6) 120 [binary,42.1,13.1] EatExpensive(x)|VisitExpensive(x)|Rich(x).

given clause #111: (wt=6) 121 [binary,42.1,10.2] EatExpensive(x)|VisitExpensive(x)| -Younger(x).

given clause #112: (wt=7) 22 [] -LivesAt(x,y)| -ImportantPerson(x)|HasImportantPeople(y).

given clause #113: (wt=2) 134 [binary,22.1,21.1,unit_del,20] HasImportantPeople(BuckinghamPalace).

given clause #114: (wt=2) 144 [binary,134.1,87.2] -InterestingSight(BuckinghamPalace).

given clause #115: (wt=2) 145 [binary,134.1,82.2] KeepsRegHours(BuckinghamPalace).

given clause #116: (wt=2) 146 [binary,134.1,79.2] Expensive(BuckinghamPalace).

given clause #117: (wt=2) 147 [binary,134.1,78.1] Sight(BuckinghamPalace).

given clause #118: (wt=2) 148 [binary,134.1,23.1] PopularSight(BuckinghamPalace).

given clause #119: (wt=5) 135 [binary,22.2,20.1] -LivesAt(Queen,x)|HasImportantPeople(x).

given clause #120: (wt=3) 149 [binary,135.2,91.1] -LivesAt(Queen,StPaulsCathedral).

given clause #121: (wt=3) 150 [binary,135.2,90.1] -LivesAt(Queen,SpeakersCornerKG).

given clause #122: (wt=5) 137 [binary,22.3,91.1] -LivesAt(x,StPaulsCathedral)| -ImportantPerson(x).

given clause #123: (wt=5) 138 [binary,22.3,90.1] -LivesAt(x,SpeakersCornerKG)| -ImportantPerson(x).

given clause #124: (wt=5) 151 [binary,135.2,87.2] -LivesAt(Queen,x)| -InterestingSight(x).

given clause #125: (wt=5) 152 [binary,135.2,82.2] -LivesAt(Queen,x)|KeepsRegHours(x).

given clause #126: (wt=5) 153 [binary,135.2,79.2] -LivesAt(Queen,x)|Expensive(x).

given clause #127: (wt=5) 154 [binary,135.2,78.1] -LivesAt(Queen,x)|Sight(x).

given clause #128: (wt=5) 155 [binary,135.2,23.1] -LivesAt(Queen,x)|PopularSight(x).

given clause #129: (wt=5) 156 [binary,137.2,19.2] -LivesAt(x,StPaulsCathedral)| -BuriedAtWest(x).

given clause #130: (wt=5) 157 [binary,138.2,19.2] -LivesAt(x,SpeakersCornerKG)| -BuriedAtWest(x).

given clause #131: (wt=7) 35 [] -GoodForChildren(x)| -HatesChildren(y)| -CanVisit(y,x).

given clause #132: (wt=5) 158 [binary,35.1,34.1] -HatesChildren(x)| -CanVisit(x,KensingtonGardens).

given clause #133: (wt=7) 39 [] -MustEatRedMeat(x)| -ServesMeatDishes(y)|DietMet(x,y).

given clause #134: (wt=5) 160 [binary,39.2,56.1] -MustEatRedMeat(x)|DietMet(x,Harrods).

given clause #135: (wt=5) 161 [binary,39.2,52.1] -MustEatRedMeat(x)|DietMet(x,Geales).

given clause #136: (wt=5) 162 [binary,39.2,46.1] -MustEatRedMeat(x)|DietMet(x,Porters).

given clause #137: (wt=7) 40 [] -NoRedMeat(x)| -ServesVegetarianDishes(y)|DietMet(x,y).

given clause #138: (wt=5) 166 [binary,40.1,62.1] -ServesVegetarianDishes(x)|DietMet(Glenda,x).

given clause #139: (wt=3) 171 [binary,166.1,60.1] DietMet(Glenda,Neals).

given clause #140: (wt=3) 172 [binary,166.1,57.1] DietMet(Glenda,Harrods).

given clause #141: (wt=3) 173 [binary,166.1,49.1] DietMet(Glenda,ThePlaceBelow).

given clause #142: (wt=5) 168 [binary,40.2,60.1] -NoRedMeat(x)|DietMet(x,Neals).

given clause #143: (wt=5) 169 [binary,40.2,57.1] -NoRedMeat(x)|DietMet(x,Harrods).

given clause #144: (wt=5) 170 [binary,40.2,49.1] -NoRedMeat(x)|DietMet(x,ThePlaceBelow).

given clause #145: (wt=7) 136 [binary,22.2,19.2] -LivesAt(x,y)|HasImportantPeople(y)| -BuriedAtWest(x).

given clause #146: (wt=7) 139 [binary,22.3,87.2] -LivesAt(x,y)| -ImportantPerson(x)| -InterestingSight(y).

given clause #147: (wt=7) 140 [binary,22.3,82.2] -LivesAt(x,y)| -ImportantPerson(x)|KeepsRegHours(y).

given clause #148: (wt=7) 141 [binary,22.3,79.2] -LivesAt(x,y)| -ImportantPerson(x)|Expensive(y).

given clause #149: (wt=7) 142 [binary,22.3,78.1] -LivesAt(x,y)| -ImportantPerson(x)|Sight(y).

given clause #150: (wt=7) 143 [binary,22.3,23.1] -LivesAt(x,y)| -ImportantPerson(x)|PopularSight(y).

given clause #151: (wt=7) 163 [binary,160.1,38.2] DietMet(x,Harrods)|NoRedMeat(x)|DoesntCareAboutFood(x).

given clause #152: (wt=5) 183 [binary,163.2,169.1,factor_simp] DietMet(x,Harrods)|DoesntCareAboutFood(x).

given clause #153: (wt=7) 164 [binary,161.1,38.2] DietMet(x,Geales)|NoRedMeat(x)|DoesntCareAboutFood(x).

given clause #154: (wt=7) 165 [binary,162.1,38.2] DietMet(x,Porters)|NoRedMeat(x)|DoesntCareAboutFood(x).

given clause #155: (wt=7) 174 [binary,168.1,38.1] DietMet(x,Neals)|MustEatRedMeat(x)|DoesntCareAboutFood(x).

given clause #156: (wt=7) 176 [binary,170.1,38.1] DietMet(x,ThePlaceBelow)|MustEatRedMeat(x)|DoesntCareAboutFood(x).

given clause #157: (wt=7) 177 [binary,136.2,87.2] -LivesAt(x,y)| -BuriedAtWest(x)| -InterestingSight(y).

given clause #158: (wt=7) 178 [binary,136.2,82.2] -LivesAt(x,y)| -BuriedAtWest(x)|KeepsRegHours(y).

given clause #159: (wt=7) 179 [binary,136.2,79.2] -LivesAt(x,y)| -BuriedAtWest(x)|Expensive(y).

given clause #160: (wt=7) 180 [binary,136.2,78.1] -LivesAt(x,y)| -BuriedAtWest(x)|Sight(y).

given clause #161: (wt=7) 181 [binary,136.2,23.1] -LivesAt(x,y)| -BuriedAtWest(x)|PopularSight(y).

given clause #162: (wt=7) 187 [factor,186,1,4] DietMet(x,Geales)|DoesntCareAboutFood(x)| -ServesVegetarianDishes(Geales).

given clause #163: (wt=8) 44 [] -DietMet(x,y)|ExpensiveFood(y)|EatAt(x,y).

-----> EMPTY CLAUSE at   0.00 sec ----> 195 [binary,44.1,171.1,unit_del,61,66] -$ans(Neals).

Length of proof is 2.  Level of proof is 2.

---------------- PROOF ----------------

40 [] -NoRedMeat(x)| -ServesVegetarianDishes(y)|DietMet(x,y).
44 [] -DietMet(x,y)|ExpensiveFood(y)|EatAt(x,y).
60 [] ServesVegetarianDishes(Neals).
61 [] -ExpensiveFood(Neals).
62 [] NoRedMeat(Glenda).
66 [] -EatAt(Glenda,z)| -$ans(z).
166 [binary,40.1,62.1] -ServesVegetarianDishes(x)|DietMet(Glenda,x).
171 [binary,166.1,60.1] DietMet(Glenda,Neals).
195 [binary,44.1,171.1,unit_del,61,66] -$ans(Neals).

------------ end of proof -------------


Search stopped by max_proofs option.

============ end of search ============

-------------- statistics -------------
clauses given                163
clauses generated            331
  binary_res generated       327
  factors generated            4
demod & eval rewrites          0
clauses wt,lit,sk delete       0
tautologies deleted           16
clauses forward subsumed     186
  (subsumed by sos)           32
unit deletions                12
factor simplifications         7
clauses kept                 128
new demodulators               0
empty clauses                  1
clauses back demodulated       0
clauses back subsumed         21
usable size                    0
sos size                       0
demodulators size              0
passive size                   0
hot size                       0
Kbytes malloced              159

----------- times (seconds) -----------
user CPU time          0.00          (0 hr, 0 min, 0 sec)
system CPU time        0.01          (0 hr, 0 min, 0 sec)
wall-clock time        0             (0 hr, 0 min, 0 sec)
input time             0.00
  clausify time        0.00
binary_res time        0.00
pre_process time       0.00
  renumber time        0.00
  demod time           0.00
  order equalities     0.00
  unit deleletion      0.00
  factor simplify      0.00
  weigh cl time        0.00
  hints keep time      0.00
  sort lits time       0.00
  forward subsume      0.00
  delete cl time       0.00
  keep cl time         0.00
    hints time         0.00
  print_cl time        0.00
  conflict time        0.00
  new demod time       0.00
post_process time      0.00
  back demod time      0.00
  back subsume         0.00
  factor time          0.00
  unindex time         0.00

The job finished        Thu Apr 25 20:46:07 2019
